 Saved summary to /content/drive/MyDrive/topogat_vs_gin/PROTEINS/basic_vs_gin/summary_topogat.csv
 Saved summary to /content/drive/MyDrive/topogat_vs_gin/PROTEINS/basic_vs_gin/summary_gin.csv
 Exported LaTeX table to /content/drive/MyDrive/topogat_vs_gin/PROTEINS/basic_vs_gin/topogat_table.tex
 Exported LaTeX table to /content/drive/MyDrive/topogat_vs_gin/PROTEINS/basic_vs_gin/gin_table.tex
 Exported comparison summary to /content/drive/MyDrive/topogat_vs_gin/PROTEINS/basic_vs_gin/comparison_summary.csv
 Representative Seed: 15 (Closest accuracy to mean 0.7081)
 Representative Metrics: {'accuracy': 0.7085201793721974, 'precision': 0.7120587613612344, 'recall': 0.6676274018379281, 'f1': 0.6702159124519373, 'roc_auc': np.float64(0.7441102756892229), 'log_loss': 0.5542425685530059}
 Representative Seed: 4 (Closest accuracy to mean 0.7036)
 Representative Metrics: {'accuracy': 0.7040358744394619, 'precision': 0.6820225794106392, 'recall': 0.6637263339070567, 'f1': 0.6685135135135135, 'roc_auc': np.float64(0.7077452667814113), 'log_loss': 0.6154480049153538}

Classification Report:

              precision    recall  f1-score   support

           0       0.70      0.87      0.78       143
           1       0.59      0.34      0.43        80

    accuracy                           0.68       223
   macro avg       0.64      0.60      0.60       223
weighted avg       0.66      0.68      0.65       223

 Saved confusion matrix to /content/drive/MyDrive/topogat_vs_gin/PROTEINS/basic_vs_gin/seed_15/confusion_topogat_rep_15.png
 Saved PR curve to /content/drive/MyDrive/topogat_vs_gin/PROTEINS/basic_vs_gin/seed_15/pr_curve_topogat_rep_15.png

Classification Report:

              precision    recall  f1-score   support

           0       0.67      0.80      0.73       127
           1       0.65      0.48      0.55        96

    accuracy                           0.66       223
   macro avg       0.66      0.64      0.64       223
weighted avg       0.66      0.66      0.65       223

 Saved confusion matrix to /content/drive/MyDrive/topogat_vs_gin/PROTEINS/basic_vs_gin/seed_4/confusion_gin_rep_4.png
 Saved PR curve to /content/drive/MyDrive/topogat_vs_gin/PROTEINS/basic_vs_gin/seed_4/pr_curve_gin_rep_4.png
Saved statistical comparison to /content/drive/MyDrive/topogat_vs_gin/PROTEINS/basic_vs_gin/paired_ttest_results.txt
Saved boxplot to /content/drive/MyDrive/topogat_vs_gin/PROTEINS/basic_vs_gin/metric_comparison_boxplot.png

All analysis completed and saved.
----- Paired T-Test Results -----
===== Paired t-tests on TopoGAT vs GIN for accuracy =====
T=0.6617, p-value=0.5161, Cohen's d=0.1741

===== Paired t-tests on TopoGAT vs GIN for precision =====
T=3.2828, p-value=0.0039, Cohen's d=0.6751

===== Paired t-tests on TopoGAT vs GIN for recall =====
T=-2.1600, p-value=0.0438, Cohen's d=-0.4912

===== Paired t-tests on TopoGAT vs GIN for f1 =====
T=-2.2835, p-value=0.0341, Cohen's d=-0.5201



----- Comparison Summary (CSV) -----
,TopoGAT,GIN
accuracy,0.7081 ± 0.0264,0.7036 ± 0.0276
precision,0.7190 ± 0.0447,0.6896 ± 0.0389
recall,0.6568 ± 0.0321,0.6722 ± 0.0350
f1,0.6554 ± 0.0375,0.6744 ± 0.0353
roc_auc,0.7104 ± 0.0389,0.7188 ± 0.0362
log_loss,0.5918 ± 0.0272,0.6076 ± 0.0239

