 Saved summary to /content/drive/MyDrive/topogat/PROTEINS/attn/summary_topogat.csv
 Saved summary to /content/drive/MyDrive/topogat/PROTEINS/attn/summary_gat.csv
 Exported LaTeX table to /content/drive/MyDrive/topogat/PROTEINS/attn/topogat_table.tex
 Exported LaTeX table to /content/drive/MyDrive/topogat/PROTEINS/attn/gat_table.tex
 Exported comparison summary to /content/drive/MyDrive/topogat/PROTEINS/attn/comparison_summary.csv
 Representative Seed: 0 (Closest accuracy to mean 0.7101)
 Representative Metrics: {'accuracy': 0.7085201793721974, 'precision': 0.6971766848816029, 'recall': 0.6653793922933288, 'f1': 0.6702159124519373, 'roc_auc': np.float64(0.6829910032252589), 'log_loss': 0.6294615844584237}
 Representative Seed: 14 (Closest accuracy to mean 0.6435)
 Representative Metrics: {'accuracy': 0.6457399103139013, 'precision': 0.6318011257035647, 'recall': 0.5827861952861954, 'f1': 0.5691927713789646, 'roc_auc': np.float64(0.4738215488215488), 'log_loss': 0.6741731995870969}

Classification Report:

              precision    recall  f1-score   support

           0       0.72      0.85      0.78       137
           1       0.67      0.48      0.56        86

    accuracy                           0.71       223
   macro avg       0.70      0.67      0.67       223
weighted avg       0.70      0.71      0.70       223

 Saved confusion matrix to /content/drive/MyDrive/topogat/PROTEINS/attn/seed_0/confusion_topogat_rep_0.png
 Saved PR curve to /content/drive/MyDrive/topogat/PROTEINS/attn/seed_0/pr_curve_topogat_rep_0.png

Classification Report:

              precision    recall  f1-score   support

           0       0.65      0.85      0.74       143
           1       0.42      0.20      0.27        80

    accuracy                           0.61       223
   macro avg       0.54      0.52      0.50       223
weighted avg       0.57      0.61      0.57       223

 Saved confusion matrix to /content/drive/MyDrive/topogat/PROTEINS/attn/seed_14/confusion_gat_rep_14.png
 Saved PR curve to /content/drive/MyDrive/topogat/PROTEINS/attn/seed_14/pr_curve_gat_rep_14.png
Saved statistical comparison to /content/drive/MyDrive/topogat/PROTEINS/attn/paired_ttest_results.txt
Saved boxplot to /content/drive/MyDrive/topogat/PROTEINS/attn/metric_comparison_boxplot.png

All analysis completed and saved.
----- Paired T-Test Results -----
===== Paired t-tests on TopoGAT vs GAT for accuracy =====
T=13.6682, p-value=0.0000, Cohen's d=2.9449

===== Paired t-tests on TopoGAT vs GAT for precision =====
T=5.5609, p-value=0.0000, Cohen's d=2.4929

===== Paired t-tests on TopoGAT vs GAT for recall =====
T=11.1155, p-value=0.0000, Cohen's d=2.4365

===== Paired t-tests on TopoGAT vs GAT for f1 =====
T=8.1250, p-value=0.0000, Cohen's d=2.7838



----- Comparison Summary (CSV) -----
,TopoGAT,GAT
accuracy,0.7101 ± 0.0232,0.6435 ± 0.0242
precision,0.7209 ± 0.0432,0.6160 ± 0.0899
recall,0.6547 ± 0.0323,0.5781 ± 0.0305
f1,0.6539 ± 0.0355,0.5577 ± 0.0533
roc_auc,0.6830 ± 0.0665,0.5439 ± 0.0452
log_loss,0.5907 ± 0.0277,0.6559 ± 0.0157

