 Saved summary to /content/drive/MyDrive/topogat/PROTEINS/node_aware/summary_topogat.csv
 Saved summary to /content/drive/MyDrive/topogat/PROTEINS/node_aware/summary_gat.csv
 Exported LaTeX table to /content/drive/MyDrive/topogat/PROTEINS/node_aware/topogat_table.tex
 Exported LaTeX table to /content/drive/MyDrive/topogat/PROTEINS/node_aware/gat_table.tex
 Exported comparison summary to /content/drive/MyDrive/topogat/PROTEINS/node_aware/comparison_summary.csv
 Representative Seed: 18 (Closest accuracy to mean 0.7179)
 Representative Metrics: {'accuracy': 0.7174887892376681, 'precision': 0.7340113337381097, 'recall': 0.6896735564304461, 'f1': 0.6903665175324531, 'roc_auc': np.float64(0.6757709973753281), 'log_loss': 0.61329729547804}
 Representative Seed: 15 (Closest accuracy to mean 0.6448)
 Representative Metrics: {'accuracy': 0.6457399103139013, 'precision': 0.6412489949075315, 'recall': 0.5880534670008354, 'f1': 0.5730764570459227, 'roc_auc': np.float64(0.5762740183792816), 'log_loss': 0.6453033724032047}

Classification Report:

              precision    recall  f1-score   support

           0       0.72      0.92      0.80       134
           1       0.78      0.45      0.57        89

    accuracy                           0.73       223
   macro avg       0.75      0.68      0.69       223
weighted avg       0.74      0.73      0.71       223

 Saved confusion matrix to /content/drive/MyDrive/topogat/PROTEINS/node_aware/seed_18/confusion_topogat_rep_18.png
 Saved PR curve to /content/drive/MyDrive/topogat/PROTEINS/node_aware/seed_18/pr_curve_topogat_rep_18.png

Classification Report:

              precision    recall  f1-score   support

           0       0.65      0.87      0.74       143
           1       0.41      0.16      0.23        80

    accuracy                           0.61       223
   macro avg       0.53      0.51      0.49       223
weighted avg       0.56      0.61      0.56       223

 Saved confusion matrix to /content/drive/MyDrive/topogat/PROTEINS/node_aware/seed_15/confusion_gat_rep_15.png
 Saved PR curve to /content/drive/MyDrive/topogat/PROTEINS/node_aware/seed_15/pr_curve_gat_rep_15.png
Saved statistical comparison to /content/drive/MyDrive/topogat/PROTEINS/node_aware/paired_ttest_results.txt
Saved boxplot to /content/drive/MyDrive/topogat/PROTEINS/node_aware/metric_comparison_boxplot.png

All analysis completed and saved.
----- Paired T-Test Results -----
===== Paired t-tests on TopoGAT vs GAT for accuracy =====
T=13.9047, p-value=0.0000, Cohen's d=2.9519

===== Paired t-tests on TopoGAT vs GAT for precision =====
T=13.1529, p-value=0.0000, Cohen's d=2.1255

===== Paired t-tests on TopoGAT vs GAT for recall =====
T=15.7247, p-value=0.0000, Cohen's d=2.9554

===== Paired t-tests on TopoGAT vs GAT for f1 =====
T=12.8646, p-value=0.0000, Cohen's d=3.4711



----- Comparison Summary (CSV) -----
,TopoGAT,GAT
accuracy,0.7179 ± 0.0254,0.6448 ± 0.0253
precision,0.7254 ± 0.0453,0.6316 ± 0.0413
recall,0.6684 ± 0.0310,0.5790 ± 0.0256
f1,0.6706 ± 0.0323,0.5613 ± 0.0418
roc_auc,0.7171 ± 0.0347,0.5466 ± 0.0409
log_loss,0.5863 ± 0.0278,0.6545 ± 0.0136

