 Saved summary to /content/drive/MyDrive/topogat_vs_gin/ENZYMES/attn_vs_gin/summary_topogat.csv
 Saved summary to /content/drive/MyDrive/topogat_vs_gin/ENZYMES/attn_vs_gin/summary_gin.csv
 Exported LaTeX table to /content/drive/MyDrive/topogat_vs_gin/ENZYMES/attn_vs_gin/topogat_table.tex
 Exported LaTeX table to /content/drive/MyDrive/topogat_vs_gin/ENZYMES/attn_vs_gin/gin_table.tex
 Exported comparison summary to /content/drive/MyDrive/topogat_vs_gin/ENZYMES/attn_vs_gin/comparison_summary.csv
 Representative Seed: 1 (Closest accuracy to mean 0.2288)
 Representative Metrics: {'accuracy': 0.225, 'precision': 0.14444444444444446, 'recall': 0.24925925925925926, 'f1': 0.1543737060041408, 'roc_auc': np.float64(0.5917888276700011), 'log_loss': 1.7678970549845805}
 Representative Seed: 2 (Closest accuracy to mean 0.3358)
 Representative Metrics: {'accuracy': 0.3333333333333333, 'precision': 0.3134662474045414, 'recall': 0.31986376196902516, 'f1': 0.31198423442212264, 'roc_auc': np.float64(0.6627638131733313), 'log_loss': 1.859475142512175}

Classification Report:

/usr/local/lib/python3.11/dist-packages/sklearn/metrics/_classification.py:1565: UndefinedMetricWarning: Precision is ill-defined and being set to 0.0 in labels with no predicted samples. Use `zero_division` parameter to control this behavior.
  _warn_prf(average, modifier, f"{metric.capitalize()} is", len(result))
/usr/local/lib/python3.11/dist-packages/sklearn/metrics/_classification.py:1565: UndefinedMetricWarning: Precision is ill-defined and being set to 0.0 in labels with no predicted samples. Use `zero_division` parameter to control this behavior.
  _warn_prf(average, modifier, f"{metric.capitalize()} is", len(result))
/usr/local/lib/python3.11/dist-packages/sklearn/metrics/_classification.py:1565: UndefinedMetricWarning: Precision is ill-defined and being set to 0.0 in labels with no predicted samples. Use `zero_division` parameter to control this behavior.
  _warn_prf(average, modifier, f"{metric.capitalize()} is", len(result))
              precision    recall  f1-score   support

           0       0.00      0.00      0.00        19
           1       0.20      0.05      0.08        20
           2       0.27      0.50      0.35        18
           3       0.00      0.00      0.00        22
           4       0.42      0.36      0.39        22
           5       0.27      0.89      0.41        19

    accuracy                           0.29       120
   macro avg       0.19      0.30      0.21       120
weighted avg       0.19      0.29      0.20       120

 Saved confusion matrix to /content/drive/MyDrive/topogat_vs_gin/ENZYMES/attn_vs_gin/seed_1/confusion_topogat_rep_1.png
 Saved PR curve to /content/drive/MyDrive/topogat_vs_gin/ENZYMES/attn_vs_gin/seed_1/pr_curve_topogat_rep_1.png

Classification Report:

              precision    recall  f1-score   support

           0       0.33      0.20      0.25        25
           1       0.15      0.28      0.19        18
           2       0.52      0.48      0.50        25
           3       0.39      0.32      0.35        22
           4       0.38      0.33      0.36        15
           5       0.35      0.40      0.38        15

    accuracy                           0.33       120
   macro avg       0.35      0.33      0.34       120
weighted avg       0.36      0.33      0.34       120

 Saved confusion matrix to /content/drive/MyDrive/topogat_vs_gin/ENZYMES/attn_vs_gin/seed_2/confusion_gin_rep_2.png
 Saved PR curve to /content/drive/MyDrive/topogat_vs_gin/ENZYMES/attn_vs_gin/seed_2/pr_curve_gin_rep_2.png
Saved statistical comparison to /content/drive/MyDrive/topogat_vs_gin/ENZYMES/attn_vs_gin/paired_ttest_results.txt
Saved boxplot to /content/drive/MyDrive/topogat_vs_gin/ENZYMES/attn_vs_gin/metric_comparison_boxplot.png

All analysis completed and saved.
----- Paired T-Test Results -----
===== Paired t-tests on TopoGAT vs GIN for accuracy =====
T=-11.7491, p-value=0.0000, Cohen's d=-2.7877

===== Paired t-tests on TopoGAT vs GIN for precision =====
T=-9.8125, p-value=0.0000, Cohen's d=-2.8472

===== Paired t-tests on TopoGAT vs GIN for recall =====
T=-11.4478, p-value=0.0000, Cohen's d=-3.4942

===== Paired t-tests on TopoGAT vs GIN for f1 =====
T=-13.3383, p-value=0.0000, Cohen's d=-3.6264



----- Comparison Summary (CSV) -----
,TopoGAT,GIN
accuracy,0.2288 ± 0.0394,0.3358 ± 0.0414
precision,0.1995 ± 0.0509,0.3409 ± 0.0505
recall,0.2378 ± 0.0288,0.3361 ± 0.0413
f1,0.1815 ± 0.0396,0.3215 ± 0.0448
roc_auc,0.5885 ± 0.0218,0.6821 ± 0.0243
log_loss,1.7649 ± 0.0377,1.7892 ± 0.1059

