 Saved summary to /content/drive/MyDrive/topogat_vs_gin/ENZYMES/gated_vs_gin/summary_topogat.csv
 Saved summary to /content/drive/MyDrive/topogat_vs_gin/ENZYMES/gated_vs_gin/summary_gin.csv
 Exported LaTeX table to /content/drive/MyDrive/topogat_vs_gin/ENZYMES/gated_vs_gin/topogat_table.tex
 Exported LaTeX table to /content/drive/MyDrive/topogat_vs_gin/ENZYMES/gated_vs_gin/gin_table.tex
 Exported comparison summary to /content/drive/MyDrive/topogat_vs_gin/ENZYMES/gated_vs_gin/comparison_summary.csv
 Representative Seed: 5 (Closest accuracy to mean 0.2592)
 Representative Metrics: {'accuracy': 0.25833333333333336, 'precision': 0.4214691073562041, 'recall': 0.2684378581888341, 'f1': 0.22661830897179905, 'roc_auc': np.float64(0.6085526470735299), 'log_loss': 1.752515992455543}
 Representative Seed: 14 (Closest accuracy to mean 0.3204)
 Representative Metrics: {'accuracy': 0.31666666666666665, 'precision': 0.3652188328912467, 'recall': 0.3266219594880922, 'f1': 0.3043855290774529, 'roc_auc': np.float64(0.6954635970801301), 'log_loss': 1.8043813071381483}

Classification Report:

/usr/local/lib/python3.11/dist-packages/sklearn/metrics/_classification.py:1565: UndefinedMetricWarning: Precision is ill-defined and being set to 0.0 in labels with no predicted samples. Use `zero_division` parameter to control this behavior.
  _warn_prf(average, modifier, f"{metric.capitalize()} is", len(result))
/usr/local/lib/python3.11/dist-packages/sklearn/metrics/_classification.py:1565: UndefinedMetricWarning: Precision is ill-defined and being set to 0.0 in labels with no predicted samples. Use `zero_division` parameter to control this behavior.
  _warn_prf(average, modifier, f"{metric.capitalize()} is", len(result))
/usr/local/lib/python3.11/dist-packages/sklearn/metrics/_classification.py:1565: UndefinedMetricWarning: Precision is ill-defined and being set to 0.0 in labels with no predicted samples. Use `zero_division` parameter to control this behavior.
  _warn_prf(average, modifier, f"{metric.capitalize()} is", len(result))
              precision    recall  f1-score   support

           0       0.50      0.15      0.24        13
           1       0.32      0.40      0.36        20
           2       0.39      0.71      0.51        21
           3       0.29      0.42      0.34        26
           4       0.00      0.00      0.00        19
           5       0.33      0.24      0.28        21

    accuracy                           0.34       120
   macro avg       0.31      0.32      0.29       120
weighted avg       0.30      0.34      0.30       120

 Saved confusion matrix to /content/drive/MyDrive/topogat_vs_gin/ENZYMES/gated_vs_gin/seed_5/confusion_topogat_rep_5.png
 Saved PR curve to /content/drive/MyDrive/topogat_vs_gin/ENZYMES/gated_vs_gin/seed_5/pr_curve_topogat_rep_5.png

Classification Report:

              precision    recall  f1-score   support

           0       0.26      0.32      0.29        19
           1       0.45      0.50      0.47        18
           2       0.83      0.75      0.79        20
           3       0.57      0.18      0.28        22
           4       0.18      0.21      0.19        14
           5       0.57      0.74      0.65        27

    accuracy                           0.47       120
   macro avg       0.48      0.45      0.44       120
weighted avg       0.50      0.47      0.47       120

 Saved confusion matrix to /content/drive/MyDrive/topogat_vs_gin/ENZYMES/gated_vs_gin/seed_14/confusion_gin_rep_14.png
 Saved PR curve to /content/drive/MyDrive/topogat_vs_gin/ENZYMES/gated_vs_gin/seed_14/pr_curve_gin_rep_14.png
Saved statistical comparison to /content/drive/MyDrive/topogat_vs_gin/ENZYMES/gated_vs_gin/paired_ttest_results.txt
Saved boxplot to /content/drive/MyDrive/topogat_vs_gin/ENZYMES/gated_vs_gin/metric_comparison_boxplot.png

All analysis completed and saved.
----- Paired T-Test Results -----
===== Paired t-tests on TopoGAT vs GIN for accuracy =====
T=-8.7431, p-value=0.0000, Cohen's d=-1.6822

===== Paired t-tests on TopoGAT vs GIN for precision =====
T=-3.9127, p-value=0.0009, Cohen's d=-0.9759

===== Paired t-tests on TopoGAT vs GIN for recall =====
T=-6.9764, p-value=0.0000, Cohen's d=-1.6074

===== Paired t-tests on TopoGAT vs GIN for f1 =====
T=-8.8958, p-value=0.0000, Cohen's d=-1.9390



----- Comparison Summary (CSV) -----
,TopoGAT,GIN
accuracy,0.2592 ± 0.0374,0.3204 ± 0.0385
precision,0.2664 ± 0.0679,0.3309 ± 0.0513
recall,0.2620 ± 0.0390,0.3231 ± 0.0346
f1,0.2278 ± 0.0414,0.3060 ± 0.0384
roc_auc,0.6161 ± 0.0238,0.6819 ± 0.0234
log_loss,1.7704 ± 0.0645,1.8019 ± 0.1288

