 Saved summary to /content/drive/MyDrive/topogat_vs_gin/ENZYMES/basic_vs_gin/summary_topogat.csv
 Saved summary to /content/drive/MyDrive/topogat_vs_gin/ENZYMES/basic_vs_gin/summary_gin.csv
 Exported LaTeX table to /content/drive/MyDrive/topogat_vs_gin/ENZYMES/basic_vs_gin/topogat_table.tex
 Exported LaTeX table to /content/drive/MyDrive/topogat_vs_gin/ENZYMES/basic_vs_gin/gin_table.tex
 Exported comparison summary to /content/drive/MyDrive/topogat_vs_gin/ENZYMES/basic_vs_gin/comparison_summary.csv
 Representative Seed: 6 (Closest accuracy to mean 0.2738)
 Representative Metrics: {'accuracy': 0.275, 'precision': 0.23459653092006036, 'recall': 0.2648856990962254, 'f1': 0.2234669808870722, 'roc_auc': np.float64(0.6305447420127879), 'log_loss': 1.783327040272424}
 Representative Seed: 14 (Closest accuracy to mean 0.3371)
 Representative Metrics: {'accuracy': 0.3333333333333333, 'precision': 0.35981319162433706, 'recall': 0.34178214255445377, 'f1': 0.33663182209693837, 'roc_auc': np.float64(0.6799475497686913), 'log_loss': 1.7740783937196107}

Classification Report:

              precision    recall  f1-score   support

           0       0.00      0.00      0.00        17
           1       0.20      0.11      0.14        19
           2       0.47      0.33      0.39        24
           3       0.19      0.56      0.28        18
           4       0.00      0.00      0.00        20
           5       0.29      0.45      0.35        22

    accuracy                           0.25       120
   macro avg       0.19      0.24      0.19       120
weighted avg       0.21      0.25      0.21       120

 Saved confusion matrix to /content/drive/MyDrive/topogat_vs_gin/ENZYMES/basic_vs_gin/seed_6/confusion_topogat_rep_6.png
 Saved PR curve to /content/drive/MyDrive/topogat_vs_gin/ENZYMES/basic_vs_gin/seed_6/pr_curve_topogat_rep_6.png

Classification Report:

              precision    recall  f1-score   support

           0       0.27      0.32      0.29        19
           1       0.44      0.61      0.51        18
           2       0.83      0.75      0.79        20
           3       0.75      0.41      0.53        22
           4       0.25      0.29      0.27        14
           5       0.56      0.56      0.56        27

    accuracy                           0.50       120
   macro avg       0.52      0.49      0.49       120
weighted avg       0.54      0.50      0.51       120

 Saved confusion matrix to /content/drive/MyDrive/topogat_vs_gin/ENZYMES/basic_vs_gin/seed_14/confusion_gin_rep_14.png
 Saved PR curve to /content/drive/MyDrive/topogat_vs_gin/ENZYMES/basic_vs_gin/seed_14/pr_curve_gin_rep_14.png
Saved statistical comparison to /content/drive/MyDrive/topogat_vs_gin/ENZYMES/basic_vs_gin/paired_ttest_results.txt
Saved boxplot to /content/drive/MyDrive/topogat_vs_gin/ENZYMES/basic_vs_gin/metric_comparison_boxplot.png

All analysis completed and saved.
----- Paired T-Test Results -----
===== Paired t-tests on TopoGAT vs GIN for accuracy =====
T=-6.5296, p-value=0.0000, Cohen's d=-1.7515

===== Paired t-tests on TopoGAT vs GIN for precision =====
T=-4.7419, p-value=0.0001, Cohen's d=-1.3072

===== Paired t-tests on TopoGAT vs GIN for recall =====
T=-6.0865, p-value=0.0000, Cohen's d=-1.7953

===== Paired t-tests on TopoGAT vs GIN for f1 =====
T=-7.2051, p-value=0.0000, Cohen's d=-2.2938



----- Comparison Summary (CSV) -----
,TopoGAT,GIN
accuracy,0.2738 ± 0.0371,0.3371 ± 0.0482
precision,0.2873 ± 0.0531,0.3550 ± 0.0565
recall,0.2787 ± 0.0340,0.3382 ± 0.0451
f1,0.2486 ± 0.0357,0.3283 ± 0.0464
roc_auc,0.6293 ± 0.0261,0.6887 ± 0.0260
log_loss,1.7470 ± 0.0580,1.7631 ± 0.1236

