 Saved summary to /content/drive/MyDrive/topogat_vs_gin/ENZYMES/node_aware_vs_gin/summary_topogat.csv
 Saved summary to /content/drive/MyDrive/topogat_vs_gin/ENZYMES/node_aware_vs_gin/summary_gin.csv
 Exported LaTeX table to /content/drive/MyDrive/topogat_vs_gin/ENZYMES/node_aware_vs_gin/topogat_table.tex
 Exported LaTeX table to /content/drive/MyDrive/topogat_vs_gin/ENZYMES/node_aware_vs_gin/gin_table.tex
 Exported comparison summary to /content/drive/MyDrive/topogat_vs_gin/ENZYMES/node_aware_vs_gin/comparison_summary.csv
 Representative Seed: 4 (Closest accuracy to mean 0.2363)
 Representative Metrics: {'accuracy': 0.23333333333333334, 'precision': 0.20350625126033475, 'recall': 0.23842560947824107, 'f1': 0.19283036717518118, 'roc_auc': np.float64(0.5879163214216018), 'log_loss': 1.7643279617073717}
 Representative Seed: 5 (Closest accuracy to mean 0.3213)
 Representative Metrics: {'accuracy': 0.325, 'precision': 0.30759773137490526, 'recall': 0.3390298461802028, 'f1': 0.3157674664068526, 'roc_auc': np.float64(0.6811833059574136), 'log_loss': 1.8611886601073135}

Classification Report:

              precision    recall  f1-score   support

           0       0.00      0.00      0.00        13
           1       0.30      0.35      0.33        20
           2       0.33      0.29      0.31        21
           3       0.41      0.42      0.42        26
           4       0.33      0.11      0.16        19
           5       0.30      0.62      0.40        21

    accuracy                           0.33       120
   macro avg       0.28      0.30      0.27       120
weighted avg       0.30      0.33      0.29       120

 Saved confusion matrix to /content/drive/MyDrive/topogat_vs_gin/ENZYMES/node_aware_vs_gin/seed_4/confusion_topogat_rep_4.png
 Saved PR curve to /content/drive/MyDrive/topogat_vs_gin/ENZYMES/node_aware_vs_gin/seed_4/pr_curve_topogat_rep_4.png

Classification Report:

              precision    recall  f1-score   support

           0       0.44      0.31      0.36        13
           1       0.31      0.40      0.35        20
           2       0.60      0.43      0.50        21
           3       0.40      0.54      0.46        26
           4       0.56      0.26      0.36        19
           5       0.54      0.67      0.60        21

    accuracy                           0.45       120
   macro avg       0.47      0.43      0.44       120
weighted avg       0.47      0.45      0.45       120

 Saved confusion matrix to /content/drive/MyDrive/topogat_vs_gin/ENZYMES/node_aware_vs_gin/seed_5/confusion_gin_rep_5.png
 Saved PR curve to /content/drive/MyDrive/topogat_vs_gin/ENZYMES/node_aware_vs_gin/seed_5/pr_curve_gin_rep_5.png
Saved statistical comparison to /content/drive/MyDrive/topogat_vs_gin/ENZYMES/node_aware_vs_gin/paired_ttest_results.txt
Saved boxplot to /content/drive/MyDrive/topogat_vs_gin/ENZYMES/node_aware_vs_gin/metric_comparison_boxplot.png

All analysis completed and saved.
----- Paired T-Test Results -----
===== Paired t-tests on TopoGAT vs GIN for accuracy =====
T=-6.2405, p-value=0.0000, Cohen's d=-1.9336

===== Paired t-tests on TopoGAT vs GIN for precision =====
T=-3.4059, p-value=0.0030, Cohen's d=-0.8391

===== Paired t-tests on TopoGAT vs GIN for recall =====
T=-5.5415, p-value=0.0000, Cohen's d=-1.8228

===== Paired t-tests on TopoGAT vs GIN for f1 =====
T=-7.7870, p-value=0.0000, Cohen's d=-2.2015



----- Comparison Summary (CSV) -----
,TopoGAT,GIN
accuracy,0.2363 ± 0.0451,0.3213 ± 0.0437
precision,0.2405 ± 0.1089,0.3296 ± 0.0428
recall,0.2432 ± 0.0435,0.3205 ± 0.0457
f1,0.1969 ± 0.0519,0.3083 ± 0.0407
roc_auc,0.6077 ± 0.0291,0.6761 ± 0.0293
log_loss,1.7589 ± 0.0435,1.7738 ± 0.0829

