 Saved summary to /content/drive/MyDrive/topogat_vs_gin/PTC_MR/gated_vs_gin/summary_topogat.csv
 Saved summary to /content/drive/MyDrive/topogat_vs_gin/PTC_MR/gated_vs_gin/summary_gin.csv
 Exported LaTeX table to /content/drive/MyDrive/topogat_vs_gin/PTC_MR/gated_vs_gin/topogat_table.tex
 Exported LaTeX table to /content/drive/MyDrive/topogat_vs_gin/PTC_MR/gated_vs_gin/gin_table.tex
 Exported comparison summary to /content/drive/MyDrive/topogat_vs_gin/PTC_MR/gated_vs_gin/comparison_summary.csv
 Representative Seed: 2 (Closest accuracy to mean 0.5725)
 Representative Metrics: {'accuracy': 0.5652173913043478, 'precision': 0.5459183673469388, 'recall': 0.5384615384615384, 'f1': 0.5295454545454545, 'roc_auc': np.float64(0.5512820512820513), 'log_loss': 0.7197923336440133}
 Representative Seed: 16 (Closest accuracy to mean 0.5326)
 Representative Metrics: {'accuracy': 0.5217391304347826, 'precision': 0.5136363636363637, 'recall': 0.5088383838383839, 'f1': 0.4676174888940846, 'roc_auc': np.float64(0.4983164983164982), 'log_loss': 1.0094663275267366}

Classification Report:

              precision    recall  f1-score   support

           0       0.65      0.78      0.71        41
           1       0.55      0.39      0.46        28

    accuracy                           0.62        69
   macro avg       0.60      0.59      0.58        69
weighted avg       0.61      0.62      0.61        69

 Saved confusion matrix to /content/drive/MyDrive/topogat_vs_gin/PTC_MR/gated_vs_gin/seed_2/confusion_topogat_rep_2.png
 Saved PR curve to /content/drive/MyDrive/topogat_vs_gin/PTC_MR/gated_vs_gin/seed_2/pr_curve_topogat_rep_2.png

Classification Report:

              precision    recall  f1-score   support

           0       0.62      0.89      0.73        36
           1       0.76      0.39      0.52        33

    accuracy                           0.65        69
   macro avg       0.69      0.64      0.62        69
weighted avg       0.69      0.65      0.63        69

 Saved confusion matrix to /content/drive/MyDrive/topogat_vs_gin/PTC_MR/gated_vs_gin/seed_16/confusion_gin_rep_16.png
 Saved PR curve to /content/drive/MyDrive/topogat_vs_gin/PTC_MR/gated_vs_gin/seed_16/pr_curve_gin_rep_16.png
Saved statistical comparison to /content/drive/MyDrive/topogat_vs_gin/PTC_MR/gated_vs_gin/paired_ttest_results.txt
Saved boxplot to /content/drive/MyDrive/topogat_vs_gin/PTC_MR/gated_vs_gin/metric_comparison_boxplot.png

All analysis completed and saved.
----- Paired T-Test Results -----
===== Paired t-tests on TopoGAT vs GIN for accuracy =====
T=2.3744, p-value=0.0283, Cohen's d=0.8092

===== Paired t-tests on TopoGAT vs GIN for precision =====
T=2.1144, p-value=0.0479, Cohen's d=0.8850

===== Paired t-tests on TopoGAT vs GIN for recall =====
T=1.9402, p-value=0.0673, Cohen's d=0.6858

===== Paired t-tests on TopoGAT vs GIN for f1 =====
T=1.5093, p-value=0.1477, Cohen's d=0.5825



----- Comparison Summary (CSV) -----
,TopoGAT,GAT
accuracy,0.5725 ± 0.0505,0.5326 ± 0.0678
precision,0.5772 ± 0.0814,0.5070 ± 0.1005
recall,0.5473 ± 0.0412,0.5198 ± 0.0520
f1,0.5138 ± 0.0556,0.4822 ± 0.0799
roc_auc,0.5700 ± 0.0635,0.5220 ± 0.0599
log_loss,0.7922 ± 0.1195,0.9974 ± 0.2121

