 Saved summary to /content/drive/MyDrive/topogat/ENZYMES/node_aware/summary_topogat.csv
 Saved summary to /content/drive/MyDrive/topogat/ENZYMES/node_aware/summary_gat.csv
 Exported LaTeX table to /content/drive/MyDrive/topogat/ENZYMES/node_aware/topogat_table.tex
 Exported LaTeX table to /content/drive/MyDrive/topogat/ENZYMES/node_aware/gat_table.tex
 Exported comparison summary to /content/drive/MyDrive/topogat/ENZYMES/node_aware/comparison_summary.csv
 Representative Seed: 2 (Closest accuracy to mean 0.2400)
 Representative Metrics: {'accuracy': 0.24166666666666667, 'precision': 0.22306075306075304, 'recall': 0.25334972045498355, 'f1': 0.21845821769966078, 'roc_auc': np.float64(0.6028572043267753), 'log_loss': 1.8123627764581647}
 Representative Seed: 5 (Closest accuracy to mean 0.2046)
 Representative Metrics: {'accuracy': 0.20833333333333334, 'precision': 0.12965338872596935, 'recall': 0.21710154833724626, 'f1': 0.14411528987471567, 'roc_auc': np.float64(0.5363024224146008), 'log_loss': 1.7727504550835558}

Classification Report:

/usr/local/lib/python3.11/dist-packages/sklearn/metrics/_classification.py:1565: UndefinedMetricWarning: Precision is ill-defined and being set to 0.0 in labels with no predicted samples. Use `zero_division` parameter to control this behavior.
  _warn_prf(average, modifier, f"{metric.capitalize()} is", len(result))
/usr/local/lib/python3.11/dist-packages/sklearn/metrics/_classification.py:1565: UndefinedMetricWarning: Precision is ill-defined and being set to 0.0 in labels with no predicted samples. Use `zero_division` parameter to control this behavior.
  _warn_prf(average, modifier, f"{metric.capitalize()} is", len(result))
/usr/local/lib/python3.11/dist-packages/sklearn/metrics/_classification.py:1565: UndefinedMetricWarning: Precision is ill-defined and being set to 0.0 in labels with no predicted samples. Use `zero_division` parameter to control this behavior.
  _warn_prf(average, modifier, f"{metric.capitalize()} is", len(result))
              precision    recall  f1-score   support

           0       0.18      0.24      0.21        25
           1       0.14      0.22      0.17        18
           2       0.47      0.60      0.53        25
           3       0.00      0.00      0.00        22
           4       0.25      0.13      0.17        15
           5       0.22      0.27      0.24        15

    accuracy                           0.26       120
   macro avg       0.21      0.24      0.22       120
weighted avg       0.22      0.26      0.23       120

 Saved confusion matrix to /content/drive/MyDrive/topogat/ENZYMES/node_aware/seed_2/confusion_topogat_rep_2.png
 Saved PR curve to /content/drive/MyDrive/topogat/ENZYMES/node_aware/seed_2/pr_curve_topogat_rep_2.png

Classification Report:

/usr/local/lib/python3.11/dist-packages/sklearn/metrics/_classification.py:1565: UndefinedMetricWarning: Precision is ill-defined and being set to 0.0 in labels with no predicted samples. Use `zero_division` parameter to control this behavior.
  _warn_prf(average, modifier, f"{metric.capitalize()} is", len(result))
/usr/local/lib/python3.11/dist-packages/sklearn/metrics/_classification.py:1565: UndefinedMetricWarning: Precision is ill-defined and being set to 0.0 in labels with no predicted samples. Use `zero_division` parameter to control this behavior.
  _warn_prf(average, modifier, f"{metric.capitalize()} is", len(result))
/usr/local/lib/python3.11/dist-packages/sklearn/metrics/_classification.py:1565: UndefinedMetricWarning: Precision is ill-defined and being set to 0.0 in labels with no predicted samples. Use `zero_division` parameter to control this behavior.
  _warn_prf(average, modifier, f"{metric.capitalize()} is", len(result))
              precision    recall  f1-score   support

           0       0.00      0.00      0.00        13
           1       0.00      0.00      0.00        20
           2       0.32      0.43      0.37        21
           3       0.17      0.15      0.16        26
           4       0.14      0.05      0.08        19
           5       0.23      0.62      0.33        21

    accuracy                           0.23       120
   macro avg       0.14      0.21      0.16       120
weighted avg       0.16      0.23      0.17       120

 Saved confusion matrix to /content/drive/MyDrive/topogat/ENZYMES/node_aware/seed_5/confusion_gat_rep_5.png
 Saved PR curve to /content/drive/MyDrive/topogat/ENZYMES/node_aware/seed_5/pr_curve_gat_rep_5.png
Saved statistical comparison to /content/drive/MyDrive/topogat/ENZYMES/node_aware/paired_ttest_results.txt
Saved boxplot to /content/drive/MyDrive/topogat/ENZYMES/node_aware/metric_comparison_boxplot.png

All analysis completed and saved.
----- Paired T-Test Results -----
===== Paired t-tests on TopoGAT vs GAT for accuracy =====
T=2.7559, p-value=0.0126, Cohen's d=1.0057

===== Paired t-tests on TopoGAT vs GAT for precision =====
T=4.4483, p-value=0.0003, Cohen's d=1.3621

===== Paired t-tests on TopoGAT vs GAT for recall =====
T=2.9217, p-value=0.0088, Cohen's d=0.8758

===== Paired t-tests on TopoGAT vs GAT for f1 =====
T=4.3265, p-value=0.0004, Cohen's d=1.4231



----- Comparison Summary (CSV) -----
,TopoGAT,GAT
accuracy,0.2400 ± 0.0361,0.2046 ± 0.0454
precision,0.2649 ± 0.0730,0.1680 ± 0.0616
recall,0.2474 ± 0.0355,0.2171 ± 0.0375
f1,0.2025 ± 0.0371,0.1510 ± 0.0405
roc_auc,0.6034 ± 0.0290,0.5666 ± 0.0188
log_loss,1.7720 ± 0.0462,1.7890 ± 0.0404

