 Saved summary to /content/drive/MyDrive/topogat_vs_gin/MUTAG/attn_vs_gin/summary_topogat.csv
 Saved summary to /content/drive/MyDrive/topogat_vs_gin/MUTAG/attn_vs_gin/summary_gin.csv
 Exported LaTeX table to /content/drive/MyDrive/topogat_vs_gin/MUTAG/attn_vs_gin/topogat_table.tex
 Exported LaTeX table to /content/drive/MyDrive/topogat_vs_gin/MUTAG/attn_vs_gin/gin_table.tex
 Exported comparison summary to /content/drive/MyDrive/topogat_vs_gin/MUTAG/attn_vs_gin/comparison_summary.csv
 Representative Seed: 11 (Closest accuracy to mean 0.7934)
 Representative Metrics: {'accuracy': 0.7894736842105263, 'precision': 0.791304347826087, 'recall': 0.7815126050420168, 'f1': 0.7840909090909092, 'roc_auc': np.float64(0.9075630252100839), 'log_loss': 0.3525717504827954}
 Representative Seed: 0 (Closest accuracy to mean 0.8474)
 Representative Metrics: {'accuracy': 0.8421052631578947, 'precision': 0.8452380952380952, 'recall': 0.8295454545454546, 'f1': 0.8347826086956522, 'roc_auc': np.float64(0.9431818181818181), 'log_loss': 0.2946068115074838}

Classification Report:

              precision    recall  f1-score   support

           0       0.83      0.77      0.80        13
           1       0.88      0.92      0.90        25

    accuracy                           0.87        38
   macro avg       0.86      0.84      0.85        38
weighted avg       0.87      0.87      0.87        38

 Saved confusion matrix to /content/drive/MyDrive/topogat_vs_gin/MUTAG/attn_vs_gin/seed_11/confusion_topogat_rep_11.png
 Saved PR curve to /content/drive/MyDrive/topogat_vs_gin/MUTAG/attn_vs_gin/seed_11/pr_curve_topogat_rep_11.png

Classification Report:

              precision    recall  f1-score   support

           0       0.86      0.75      0.80        16
           1       0.83      0.91      0.87        22

    accuracy                           0.84        38
   macro avg       0.85      0.83      0.83        38
weighted avg       0.84      0.84      0.84        38

 Saved confusion matrix to /content/drive/MyDrive/topogat_vs_gin/MUTAG/attn_vs_gin/seed_0/confusion_gin_rep_0.png
 Saved PR curve to /content/drive/MyDrive/topogat_vs_gin/MUTAG/attn_vs_gin/seed_0/pr_curve_gin_rep_0.png
Saved statistical comparison to /content/drive/MyDrive/topogat_vs_gin/MUTAG/attn_vs_gin/paired_ttest_results.txt
Saved boxplot to /content/drive/MyDrive/topogat_vs_gin/MUTAG/attn_vs_gin/metric_comparison_boxplot.png

All analysis completed and saved.
----- Paired T-Test Results -----
===== Paired t-tests on TopoGAT vs GIN for accuracy =====
T=-3.0041, p-value=0.0073, Cohen's d=-0.7679

===== Paired t-tests on TopoGAT vs GIN for precision =====
T=-2.0023, p-value=0.0597, Cohen's d=-0.5251

===== Paired t-tests on TopoGAT vs GIN for recall =====
T=-3.6403, p-value=0.0017, Cohen's d=-0.9493

===== Paired t-tests on TopoGAT vs GIN for f1 =====
T=-3.5106, p-value=0.0023, Cohen's d=-0.8768



----- Comparison Summary (CSV) -----
,TopoGAT,GAT
accuracy,0.7934 ± 0.0721,0.8474 ± 0.0631
precision,0.7902 ± 0.0912,0.8369 ± 0.0720
recall,0.7421 ± 0.0951,0.8301 ± 0.0710
f1,0.7441 ± 0.0961,0.8262 ± 0.0699
roc_auc,0.8928 ± 0.0571,0.9352 ± 0.0436
log_loss,0.4182 ± 0.1143,0.3368 ± 0.1306

